<?xml version="1.0" encoding="utf-8" standalone="no"?>
<!--This file represents the results of running a test suite-->
<test-results name="D:\VsProjects\Demo\bin\Debug\Demo.dll" total="1" errors="0" failures="0" not-run="0" inconclusive="0" ignored="0" skipped="0" invalid="0" date="2015-07-20" time="14:03:58">
  <environment nunit-version="2.6.2.12296" clr-version="2.0.50727.4984" os-version="Microsoft Windows NT 6.1.7600.0" platform="Win32NT" cwd="D:\Program Files (x86)\NUnit-2.6.2\bin" machine-name="WS0210" user="Robert" user-domain="OMNICARE" />
  <culture-info current-culture="en-US" current-uiculture="en-US" />
  <test-suite type="Assembly" name="D:\VsProjects\Demo\bin\Debug\Demo.dll" executed="True" result="Success" success="True" time="0.047" asserts="0">
    <results>
      <test-suite type="Namespace" name="Demo" executed="True" result="Success" success="True" time="0.047" asserts="0">
        <results>
          <test-suite type="TestFixture" name="CacheFileTest" executed="True" result="Success" success="True" time="0.047" asserts="0">
            <results>
              <test-case name="Demo.CacheFileTest.AddFileTest" executed="True" result="Success" success="True" time="0.016" asserts="0" />
            </results>
          </test-suite>
        </results>
      </test-suite>
    </results>
  </test-suite>
</test-results>