<?xml version="1.0" encoding="utf-8" standalone="no"?>
<!--This file represents the results of running a test suite-->
<test-results name="D:\VsProjects\NHibernateTest\NHibernateTest.Unit\bin\Debug\NHibernateTest.Unit.dll" total="1" errors="0" failures="0" not-run="0" inconclusive="0" ignored="0" skipped="0" invalid="0" date="2012-12-03" time="08:32:28">
  <environment nunit-version="2.5.10.11092" clr-version="2.0.50727.4984" os-version="Microsoft Windows NT 6.1.7600.0" platform="Win32NT" cwd="D:\VsProjects\NHibernateTest\NHibernateTest.Unit\bin\Debug" machine-name="WS0210" user="Robert" user-domain="OMNICARE" />
  <culture-info current-culture="en-US" current-uiculture="en-US" />
  <test-suite type="Assembly" name="D:\VsProjects\NHibernateTest\NHibernateTest.Unit\bin\Debug\NHibernateTest.Unit.dll" executed="True" result="Success" success="True" time="0.144" asserts="0">
    <results>
      <test-suite type="Namespace" name="NHibernateTest" executed="True" result="Success" success="True" time="0.114" asserts="0">
        <results>
          <test-suite type="Namespace" name="Unit" executed="True" result="Success" success="True" time="0.113" asserts="0">
            <results>
              <test-suite type="TestFixture" name="BitTest" executed="True" result="Success" success="True" time="0.108" asserts="0">
                <results>
                  <test-case name="NHibernateTest.Unit.BitTest.LeftShiftTest" executed="True" result="Success" success="True" time="0.078" asserts="1" />
                </results>
              </test-suite>
            </results>
          </test-suite>
        </results>
      </test-suite>
    </results>
  </test-suite>
</test-results>