<?xml version="1.0" encoding="utf-8" standalone="no"?>
<!--This file represents the results of running a test suite-->
<test-results name="D:\VsProjects\RobertExperiment\LitterExperiment\bin\Debug\LitterExperiment.dll" total="1" errors="0" failures="0" not-run="0" inconclusive="0" ignored="0" skipped="0" invalid="0" date="2013-02-18" time="08:44:14">
  <environment nunit-version="2.5.10.11092" clr-version="2.0.50727.4984" os-version="Microsoft Windows NT 6.1.7600.0" platform="Win32NT" cwd="D:\Program Files (x86)\Nunit\bin\net-2.0" machine-name="WS0210" user="Robert" user-domain="OMNICARE" />
  <culture-info current-culture="en-US" current-uiculture="en-US" />
  <test-suite type="Assembly" name="D:\VsProjects\RobertExperiment\LitterExperiment\bin\Debug\LitterExperiment.dll" executed="True" result="Success" success="True" time="1.883" asserts="0">
    <results>
      <test-suite type="Namespace" name="LitterExperiment" executed="True" result="Success" success="True" time="1.851" asserts="0">
        <results>
          <test-suite type="TestFixture" name="XmlSerializeTest" executed="True" result="Success" success="True" time="1.845" asserts="0">
            <results>
              <test-case name="LitterExperiment.XmlSerializeTest.MainTest" executed="True" result="Success" success="True" time="1.807" asserts="1" />
            </results>
          </test-suite>
        </results>
      </test-suite>
    </results>
  </test-suite>
</test-results>