<?xml version="1.0" encoding="utf-8" standalone="no"?>
<!--This file represents the results of running a test suite-->
<test-results name="D:\VsProjects\Util2Test\Util2Test\bin\Debug\Util2Test.dll" total="1" errors="0" failures="0" not-run="0" inconclusive="0" ignored="0" skipped="0" invalid="0" date="2012-08-31" time="15:51:53">
  <environment nunit-version="2.5.10.11092" clr-version="2.0.50727.4971" os-version="Microsoft Windows NT 6.1.7600.0" platform="Win32NT" cwd="D:\Program Files (x86)\Nunit\bin\net-2.0" machine-name="WS0210" user="Robert" user-domain="OMNICARE" />
  <culture-info current-culture="en-US" current-uiculture="en-US" />
  <test-suite type="Assembly" name="D:\VsProjects\Util2Test\Util2Test\bin\Debug\Util2Test.dll" executed="True" result="Success" success="True" time="0.626" asserts="0">
    <results>
      <test-suite type="Namespace" name="Util2Test" executed="True" result="Success" success="True" time="0.625" asserts="0">
        <results>
          <test-suite type="TestFixture" name="PasswordResetServiceTest" executed="True" result="Success" success="True" time="0.625" asserts="0">
            <results>
              <test-case name="Util2Test.PasswordResetServiceTest.StartTest" executed="True" result="Success" success="True" time="0.027" asserts="0" />
            </results>
          </test-suite>
        </results>
      </test-suite>
    </results>
  </test-suite>
</test-results>